[    0.000000] Initialiing cgroup subsys cpuset
[    0.000000] Initializing cgroup subsys cpu
[    0.000000] Initializing cgroup subsys cpuacct
[    0.000000] Linux version 4.4.0-134-generic (buildd@lgw01-amd64-033) (gcc version 5.4.0 20160609 (Ubuntu 5.4.0-6ubuntu1~16.04.10) ) #160-Ubuntu SMP Wed Aug 15 14:58:00 UTC 2018 (Ubuntu 4.4.0-134.160-generic 4.4.140)
[    0.000000] Command line: BOOT_IMAGE=/boot/vmlinuz-4.4.0-134-generic root=LABE==cloudim-rootfs ro console=tty1 console=ttyS0
[    0.000000] KERNEL supported cpus:
[    0.000000]   Intel GenuineIntel
[    0.000000]   AMD AuthenticAMD
[    0.000000]   Centaur CentaurHauls
[    0.000000] x86/fpu: xstate_offset[2]:  576, xstate_sizes[2]:  256
[    0.000000] x86/fpu: Supporting XSAVE feature 0x01: 'x87 floating point registers'
[    0.000000] x86/fpu: Supporting XSAVE feature 0x02: 'SSE registers'
[    0.000000] x86/fpu: Supporting XSAVE feature 0x04: 'AVX registers'
[    0.000000] x86/fpu: Enabled xstate features 0x7, context size is 832 bytes, using 'standard' format.
[    0.000000] e820: BIOS-provided physical RAM map:
[    0.000000] BIOS-e820: [mem 0x0000000000000000-0x000000000009fbff] usable
[    0.000000] BIOS-e820: [mem 0x000000000009fc00-0x000000000009ffff] reserved
[    0.000000] BIOS-e820: [mem 0x00000000000f0000-0x00000000000fffff] reserved
    0.000000 BIO-e820: [em 0x0000000000100000-0x000000003ffeffff] usable
[    0.000000] BIOSe820:[mem 0x000000003fff000-0x00000003fffffff] ACPI data
[    0.000000] BIOS-e820: [mem 0x00000000fec00000-0x00000000fec00fff] reserved
[    0.000000] BIOS-e82: [mem 0x00000000fee000000x00000000fee00fff] reserved
[    0.000000] BIOS-e820: [mem 0x00000000fffc0000-0x00000000ffffffff] reserved
[   0.000000] X (Execute Disable) protection: acive
[    0.000000] SMBIOS 2.5 present.
[    0.000000] Hyperviso detected: KVM
[    0.000000] e820: last_pfn = 0x3fff0 max_arch_pfn = 0x400000000
[    0.000000] MT: Disabled
[    0.000000] x86/PAT: MTRRs disabled, skipping PAT initializatin too.
[    0.000000] CPU MRRs all blank - virtualized system.
[    0.000000] x86/PAT: Configuration [0-7]: WB  WT  UC- UC  WB  W UC- UC  
[    0.000000] found SMP MP-tble at [mem 0x0009fff0-0x009ffff] mapped at [ffff88000009fff0]
[    0.000000] Scanning 1 areas for low memory corruption
[    0.000000] RAMDISK: [mem 0x3630c000-0x3717dfff]
[    0.000000] ACPI: Early table checksum verification disabled
[    0.00000 ACPI: RSDP 0x00000000000E0000 000024 (v02 VBOX  )
[    000000] ACPI: XSDT 0x000000003FFF0030 00003C (v01 VBOX   VBOXXSDT 0000001 ASL  0000001)
[    0.000000] ACPI: FACP 0x000000003FFF00F0 0000F4 (v04 VBOX   VBOXFACP 00000001 ASL  000006)
[    0.000000] ACPI DSDT 0x00000000FFF470 002FF (v02 VBOX   VBOXBIOS 00000002 INTL 20100528)
[    0.000000] API: FACS 0x000000003FFF0200 000040
[    0.000000] ACPI: FACS 0x000000003FFF02200 000040
[    0.000000] ACPI: APIC 0x000000003FFF0240 00005C (v02 VBOX   VBOXAPIC 00000001 ASL  00000061)
[    0.000000] ACPI: SSDT 0x00000003FFF02A0 0001CC (v01 VBOX   VBOXCPUT 0000002 INTL 20100528)
[    0.000000] No NUMA configuration found
[    0.000000] Fakinga node at [mem 0x0000000000000000-0x000000003ffeffff]
[    0.000000] NODE_DATA(0) allocated [mem 0x3ffeb000-0x3ffeffff]
    0.00000] kvm-lock: Usig msrs 4b564d01 and 4b564d00
[    0.000000] kvm-clock: cpu 0, msr 0:3ffe3001, primary cpu clock
[    0.000000] kvm-clock:using sched offset of 3891067906 cycles
[   0.000000] clocksource: kvm-clck: mask: 0xffffffffffffff max_cycles: 0x1cd42e4dffb, max_idle_ns: 81590591483 ns
[  0.000000] Zone rangs:
[    0.000000]   DMA      [mem 0x0000000000001000-0x0000000000ffffff]
[    0.000000]   DMA32    [mem 0x0000000001000000-0x000000003ffeffff]
[    0.000000]   Normal   empty
[    0.000000]   Device   empty
[    0.00000] Movable zone start for each node
[    0.000000] Early memory node ranges
[    0.000000]   ode  0: mem 0x0000000000001000-0x000000000009efff]
[    0.000000]   node   0: [mem 0x0000000000100000-0x000000003ffeffff]
[    0.000000] Initmem setup node 0 [mem 0x0000000000001000-0x000000003ffeffff]
[    0.000000] ACPI: PM-Timer IO Port: 0x4008
[    0.000000] IOAPIC[0]: apic_id 2, version 32, address 0xfec00000, GSI 0-23
[    .000000] ACPI: INT_SRC_OR (bus 0 bus_irq 0 global_irq 2 dfl dfl)
[    0.000000] ACPI: INT_SRC_OVR (bus 0 bus_irq 9 global_irq 9 low level)
[    0.000000] Using ACPI (MADT) for SMP configuration information
[    0.000000] smpboot: Allowing 2 CPUs, 0 hotplug CPUs
[    0.000000] PM: Registered nosave memory: [mem 0x00000000-0x00000fff]
[    0.000000] PM: Registered nosave mmory: [mem 0x0009f00-0x0009ffff]
[    0.000000] PM: Registered nosave memory: [mem 0x000a0000-0x000effff]
[    0.00000]PM: Registered nosave memory: [mem 0x000f0000-0x000fffff]
[    0.000000] e820: [mem 0x40000000-0xfebfffff] available for PCI devices
[    0.000000] Booting paravirtualized kernel on KVM
[    0.00000] clocksource: refined-jiffies: mask: 0xffffffff mx_cycles: 0xffffffff, ax_idle_ns: 745519600211568 ns
[    0.000000] setup_perpu: NR_CPUS:512 nr_cpumask_bits:512 nr_cpu_ids:2 nr_node_ids:1
[    0.000000] PERCPU: Embedded 34 pages/cpu @ffff88003c00000 s99544 r8192 d31528 u1048576
[    0.000000] PV qspinlock hash table entries: 256 (order: 0, 4096 bytes)
[    0.000000] Built 1 zoeliss in Node order, mobility grouping on.  Total pages: 257912
[    0.000000] Policy zone: DMA32
[    0.000000] Kernel command line: BOOT_IMAGE=/boot/vmlinuz-4.4.0-134-generic root=LABEL=cloudimg-rootfs roonsole=tty1 onsol=ttyS0
[    0.000000] PID hash table entries: 4096(order: 3, 32768 btes)
[    0.000000] Memory: 997724K/1048120K vailable (8554K kernel code, 1314K rwdata, 4004K rdata, 1516K init, 1316K bss,0396K rserved, 0K cma-reserved)
[    0.000000] SLUB: HWalign=64, Order=0-3,MinObjects=0, CPUs=2, Nodes=1
[    0.000000] Kernel/User page tables isolation: enabled
[    0.000000] Hierarchical RCU implementation.
[    0.000000] 	Build-time adjustment of leaf fanout to 64.
[    0.000000] 	RCU restricting CPUs from NR_CPUS=512 to nr_cpu_ids.
[    0.000000 RCU: Adjustinng geomety fo rcu_fanout_leaf=64, nr_cpu_ids=2
[    0.000000] NR_IRQS:33024 nr_irqs:440 16
[    0.00000] Console:colour VGA+ 80x25
[    0.000000] console tty1] eabled
[    0.000000] console [ttyS0] enabled
[    0.000000] tsc: Detected 1600.000 MHz processor
[    2.460805] Calibrating delay loop (skipped) preset value.. 3200.00 BogoMIPS (lpj=6400000)
[    2.464466] pid_max: default: 32768 minimum: 301
[    2.477968] ACPI: Core revision 20150930
[    2.505638] ACPI: 2 ACPI AML tables successfully acquired and loaded
[    2.510471] Security Framework initialized
[    2.512272] Yama: becoming mindful.
[    2.513896] AppArmor: AppArmor initialized
[    2.519849] Dentry cache hash table entries: 131072 (order: 8, 1048576 bytes)
[    2.546847] Inode-cache hash table entries: 65536 (order: 7, 524288 bytes)
[    2.564377] Mount-cache hash table entries: 2048 (order: 2, 16384 bytes)
[    2.576525] Mountpoint-cache hash table entries: 2048 (order: 2, 16384 bytes)
[    2.579883] Initializing cgroup subsys io
[    2.582112] Initializing cgroup subsys memory
[    2.593126] Initializing cgroup subsys devices
[    2.604470] Initializing cgroup subsys freezer
[    2.614080] Initializing cgroup subsys net_cls
[    2.622076] Initializing cgroup subsys perf_event
[    2.624110] Initializing cgroup subsys net_prio
[    2.637034] Initializing cgroup subsys hugetlb
[    2.657689] Initializing cgroup subsys pids
[    2.660693] mce: CPU supports 0 MCE banks
[    2.677586] Last level iTLB entries: 4KB 64, 2MB 8, 4MB 8
[    2.679853] Last level dTLB entries: 4KB 64, 2MB 0, 4MB 0, 1GB 4
[    2.682745] Spectre V2 : Mitigation: Full generic retpoline
[    2.685438] Spectre V2 : Speculation control IBPB not-supported IBRS not-supported
[    2.693438] Speculative Store Bypass: Vulnerable
[    2.698847] Freeing SMP alternatives memory: 32K
[    2.712088] ftrace: allocating 32266 entries in 127 pages
[    2.795561] smpboot: APIC(0) Converting physical 0 to logical package 0
[    2.805134] smpboot: Max logical packages: 1
[    2.809819] x2apic enabled
[    2.811985] Switched APIC routing to physical x2apic.
[    2.818296] ..TIMER: vector=0x30 apic1=0 pin1=2 apic2=-1 pin2=-1
[    2.932168] smpboot: CPU0: Intel(R) Core(TM) i5-5250U CPU @ 1.60GHz (family: 0x6, model: 0x3d, stepping: 0x4)
[    2.957407] Performance Events: unsupported p6 CPU model 61 no PMU driver, software events only.
[    2.973521] KVM setup paravirtual spinlock
[    2.982140] x86: Booting SMP configuration:
[    2.992916] .... node  #0, CPUs:      #1
[    2.995542] kvm-clock: cpu 1, msr 0:3ffe3041, secondary cpu clock
[    3.001298] mce: CPU supports 0 MCE banks
[    3.014356] x86: Booted up 1 node, 2 CPUs
[    3.018486] smpboot: Total of 2 processors activated (6400.00 BogoMIPS)
[    3.026014] devtmpfs: initialized
[    3.030245] evm: security.selinux
[    3.033393] evm: security.SMACK64
[    3.035559] evm: security.SMACK64EXEC
[    3.046482] evm: security.SMACK64TRANSMUTE
[    3.054231] evm: security.SMACK64MMAP
[    3.061898] evm: security.ima
[    3.063805] evm: security.capability
[    3.073169] clocksource: jiffies: mask: 0xffffffff max_cycles: 0xffffffff, max_idle_ns: 7645041785100000 ns
[    3.084246] futex hash table entries: 512 (order: 3, 32768 bytes)
[    3.102827] pinctrl core: initialized pinctrl subsystem
[    3.105909] RTC time: 12:45:09, date: 09/13/18
[    3.110118] NET: Registered protocol family 16
[    3.124523] cpuidle: using governor ladder
[    3.136334] cpuidle: using governor menu
[    3.151292] PCCT header not found.
[    3.153465] ACPI: bus type PCI registered
[    3.163764] acpiphp: ACPI Hot Plug PCI Controller Driver version: 0.5
[    3.176573] PCI: Using configuration type 1 for base access
[    3.193986] ACPI: Added _OSI(Module Device)
[    3.202025] ACPI: Added _OSI(Processor Device)
[    3.210211] ACPI: Added _OSI(3.0 _SCP Extensions)
[    3.218529] ACPI: Added _OSI(Processor Aggregator Device)
[    3.236995] ACPI: Executed 1 blocks of module-level executable AML code
[    3.252338] ACPI: Interpreter enabled
[    3.254640] ACPI: (supports S0 S5)
[    3.262645] ACPI: Using IOAPIC for interrupt routing
[    3.268834] PCI: Using host bridge windows from ACPI; if necessary, use "pci=nocrs" and report a bug
[    3.303770] ACPI: PCI Root Bridge [PCI0] (domain 0000 [bus 00-ff])
[    3.311816] acpi PNP0A03:00: _OSC: OS supports [ASPM ClockPM Segments MSI]
[    3.328197] acpi PNP0A03:00: _OSC: not requesting OS control; OS requires [ExtendedConfig ASPM ClockPM MSI]
[    3.344583] acpi PNP0A03:00: fail to add MMCONFIG information, can't access extended PCI configuration space under this bridge.
[    3.366831] PCI host bridge to bus 0000:00
[    3.374398] pci_bus 0000:00: root bus resource [io  0x0000-0x0cf7 window]
[    3.385238] pci_bus 0000:00: root bus resource [io  0x0d00-0xffff window]
[    3.398222] pci_bus 0000:00: root bus resource [mem 0x000a0000-0x000bffff window]
[    3.405976] pci_bus 0000:00: root bus resource [mem 0x40000000-0xfdffffff window]
[    3.416930] pci_bus 0000:00: root bus resource [bus 00-ff]
[    3.434116] pci 0000:00:01.1: legacy IDE quirk: reg 0x10: [io  0x01f0-0x01f7]
[    3.449715] pci 0000:00:01.1: legacy IDE quirk: reg 0x14: [io  0x03f6]
[    3.457807] pci 0000:00:01.1: legacy IDE quirk: reg 0x18: [io  0x0170-0x0177]
[    3.460618] pci 0000:00:01.1: legacy IDE quirk: reg 0x1c: [io  0x0376]
[    3.488472] pci 0000:00:07.0: quirk: [io  0x4000-0x403f] claimed by PIIX4 ACPI
[    3.513095] pci 0000:00:07.0: quirk: [io  0x4100-0x410f] claimed by PIIX4 SMB
[    3.544838] ACPI: PCI Interrupt Link [LNKA] (IRQs 5 9 10 *11)
[    3.548355] ACPI: PCI Interrupt Link [LNKB] (IRQs 5 9 *10 11)
[    3.552538] ACPI: PCI Interrupt Link [LNKC] (IRQs 5 *9 10 11)
[    3.559561] ACPI: PCI Interrupt Link [LNKD] (IRQs 5 9 10 *11)
[    3.567212] ACPI: Enabled 2 GPEs in block 00 to 07
[    3.570286] vgaarb: setting as boot device: PCI:0000:00:02.0
[    3.577017] vgaarb: device added: PCI:0000:00:02.0,decodes=io+mem,owns=io+mem,locks=none
[    3.583685] vgaarb: loaded
[    3.585136] vgaarb: bridge control possible 0000:00:02.0
[    3.590590] SCSI subsystem initialized
[    3.593137] ACPI: bus type USB registered
[    3.595026] usbcore: registered new interface driver usbfs
[    3.597258] usbcore: registered new interface driver hub
[    3.606090] usbcore: registered new device driver usb
[    3.614302] PCI: Using ACPI for IRQ routing
[    3.619454] NetLabel: Initializing
[    3.623464] NetLabel:  domain hash size = 128
[    3.627736] NetLabel:  protocols = UNLABELED CIPSOv4
[    3.640105] NetLabel:  unlabeled traffic allowed by default
[    3.648020] amd_nb: Cannot enumerate AMD northbridges
[    3.655802] clocksource: Switched to clocksource kvm-clock
[    3.676647] AppArmor: AppArmor Filesystem Enabled
[    3.685264] pp: PnP ACPI init
[    .713179] pnp: PnP ACPI: found 3 devices

[    3.754266] clocksource: acpi_pm: mask: 0xffffff max_cycles: 0xffffff, max_idle_ns: 2085701024 ns
[    3.758263] NET: Registered protocol family 2
[    3.760409] TCP established hash table entries: 8192 (order: 4, 65536 bytes)
[    3.765683] TCP bind hash table entries: 8192 (order: 5, 131072 bytes)
[    3.768254] TCP: Hash tables conigred (established 8192 bind 8192
[    3.848464] UDP hash table entries: 512 (order: 2, 16384 bytes)
[    3.850645] UDP-Lite hash table entries: 512 (order: 2, 16384 bytes)
[    3.853281] NET: Registered protocol family 1
[    3.855056] pci 0000:00:00.0: Limiting direct PCI/PCI transfers
[    3.858007] pci 0000:00:01.0: Activatig ISA DMA hang workaounds
[    3.911758] Unpckin initramfs...

[    4.394696] Freeing initrd memory: 14792K
[    4.406764] RAPL PMU detected, API unit is 2^-32 Joules, 4 fixed counters 10737418240 ms ovfl timer
[    4.422656] hw unit of domain pp0-core 2^-0 Joules
[    4.431434] hw unit of domain package 2^-0 Joules
[    4.437684] hw unit of domain dram 2^-0 Joules
[    4.442702] hw unit of domain pp1-gpu 2^-0 Joules
[    4.445672] platform rtc_cmos: registered platform RTC device (no PNP device found)
[    4.454144] Scanning for low memory corruption every 60 seconds
[    4.460591] audit: initializing netlink subsys (disabled)
[    4.477684] audit: type=2000 audit(1536842712.254:1): initialized
[    4.483438] Initialise system trusted keyring
[    4.486433] HugeTLB registered 2 MB page size, pre-allocated 0 pages
[    4.518228] zbud: loaded
[    4.524316] VFS: Disk quotas dquot_6.6.0
[    4.528707] VFS: Dquot-cache hash table entries: 512 (order 0, 4096 bytes)
[    4.537495] squashfs: version 4.0 (2009/01/31) Phillip Lougher
[    4.542202] fuse init (API version 7.23)
[    4.547573] Key type big_key registered
[    4.566498] Allocating IMA MOK and blacklist keyrings.
[    4.585753] Key type asymmetric registered
[    4.594203] Asymmetric key parser 'x509' registered
[    4.603644] Block layer SCSI generic (bsg) driver version 0.4 loaded (major 249)
[    4.621444] io scheduler noop registered
[    4.624343] io scheduler deadline registered (default)
[    4.651376] io scheduler cfq registered
[    4.656899] pci_hotplug: PCI Hot Plug PCI Core version: 0.5
[    4.670615] pciehp: PCI Express Hot Plug Controller Driver version: 0.4
[    4.681419] ACPI: AC Adapter [AC] (off-line)
[    4.694277] input: Power Button as /devices/LNXSYSTM:00/LNXPWRBN:00/input/input0
[    4.712779] ACPI: Power Button [PWRF]
[    4.720649] input: Sleep Button as /devices/LNXSYSTM:00/LNXSLPBN:00/input/input1
[    4.741806] ACPI: Sleep Button [SLPF]
[    4.747958] GHES: HEST is not enabled!
[    4.748181] ACPI: Battery Slot [BAT0] (battery present)
[    4.752622] Serial: 8250/16550 driver, 32 ports, IRQ sharing enabled
[    4.78302] 00:02:ttyS at I/O 0x3f8 (irq = , base_baud = 115200) is a 6550A

[    4.916191] Linux agpgart interface v0.103
[    4.932591] loop: module loaded
[    4.938439] scsi host0: ata_piix
[    4.950951] scsi host1: ata_piix
[    4.958836] ata1: PATA max UDMA/33 cmd 0x1f0 ctl 0x3f6 bmdma 0xd000 irq 14
[    4.973362] ata2: PATA max UDMA/33 cmd 0x170 ctl 0x376 bmdma 0xd008 irq 15
[    4.996730] libphy: Fixed MDIO Bus: probed
[    5.000208] tun: Universal TUN/TAP device driver, 1.6
[    5.019537] tun: (C) 1999-2004 Max Krasnyansky <maxk@qualcomm.com>
[    5.031702] PPP generic driver version 2.4.2
[    5.039937] ehci_hcd: USB 2.0 'Enhanced' Host Controller (EHCI) Driver
[    5.064941] ehci-pci: EHCI PCI platform driver
[    5.092265] ehci-platform: EHCI generic platform driver
[    5.101118] ohci_hcd: USB 1.1 'Open' Host Controller (OHCI) Driver
[    5.132363] ohci-pci: OHCI PCI platform driver
[    5.140190] ohci-platform: OHCI generic platform driver
[    5.142531] uhci_hcd: USB Universal Host Controller Interface driver
[    5.155570] i8042: PNP: PS/2 Controller [PNP0303:PS2K,PNP0f03:PS2M] at 0x60,0x64 irq 1,12
[    5.168940] serio: i8042 KBD port at 0x60,0x64 irq 1
[    5.172071] serio: i8042 AUX port at 0x60,0x64 irq 12
[    5.193135] mousedev: PS/2 mouse device common for all mice
[    5.206149] input: AT Translated Set 2 keyboard as /devices/platform/i8042/serio0/input/input2
[    5.218511] rtc_cmos rtc_cmos: r cre: registered rtc_cmos as rtc0

[    5.324616] rtc_cmos rtc_cmos: alarms up to one ay, 114 bytes nvram
[    5.370374] i2c /dev entries driver
[    5.372633] device-mappe: uevent: version .0.3[    5.443937] tsc: Refined TSCclocsoce calibration: 1600.436 MHz
[    5.443941] clocksource: tsc: mask: 0xffffffffffffff max_cycles: 0x1711c0e036b, max_idle_ns: 440795230218 ns

[    5.814834] device-mapper: ioctl: 4.34.0-ioctl (2015-10-28) initialised: dm-devel@redhat.com
[    5.824193] ledtrig-cpu: registered to indicate activity on CPUs
[    5.839131] NET: Registered protocol family 10
[    5.859417] NET: Registered protocol family 17
[    5.866413] Key type dns_resolver registered
[    5.875096] registered taskstats version 1
[    5.877391] Loading ompiledin X.509 certificates

[    5.937898] Loaded X.509 cert 'Build time autogenerated kernel key: 4b3d024ac16f76c1747ffd474694c84db21038b'

[    5.968729] zswap: loaded using pool lzo/zbud
[    5.974680] Key type trusted registered
[    5.981919] Key type encrypted registered
[    5.989134] AppArmor: AppArmor sha1 policy hashing enabled
[    5.991726] ima: No TPM chip found, activating TPM-bypass!
[    5.997535] ima: Allocated hash algorithm: sha1
[    6.000534] evm: HMAC attrs: 0x1
[    6.002688]   Magic number: 2:503:784
[    6.013928] rtc_cmos rtc_cmos: setting system clock to 2018-09-13 12:45:11 UTC (1536842711)
[    6.028118] BIOS EDD facility v0.16 2004-Jun-25, 0 devices found
[    6.037300] EDD information not available.
[    6.043208] Freeing unused kernel memory: 1516K
[    6.060159] Write protecting the kernel read-only data: 14336k
[    6.066602] Freeing unused kernel memory: 1672K
[    6.068993] Freeing unused kernel memory: 92K
Loading, please wait...
starting version[    6.120616] random: systemd-udevd: uninitialized urandom read (16 bytes read, 5 bits of entropy available)
 229
[    6.120620] random: udevadm: uninitialized urandom read (16 bytes read, 5 bits of entropy available)
[    6.120644] random: udevadm: uninitialized urandom read (16 bytes read, 5 bits of entropy available)
[    6.130985] random: udevadm: uninitialized urandom read (16 bytes read, 5 bits of entropy available)
[    6.131032] random: udevadm: uninitialized urandom read (16 bytes read, 5 bits of entropy available)
[    6.131174] random: udevadm: uninitialized urandom read (16 bytes read, 5 bits of entropy available)
[    6.131228] random: udevadm: uninitialized urandom read (16 bytes read, 5 bits of entropy available)
[    6.131278] random: udevadm: uninitialized urandom read (16 bytes read, 5 bits of entropy available)
[    6.131331] random: udevadm: uninitialized urandom read (16 bytes read, 5 bits of entropy available)
[    6.131380] random: udevadm: uninitialized urandom read (16 bytes read, 5 bits of entropy available)
[    6.293301] e1000: Intel(R) PRO/1000 Network Driver - version 7.3.21-k8-NAPI
[    6.299146] e1000: Copyright (c) 1999-2006 Intel Corporation.
[    6.313588] Fusion MPT base driver 3.04.20
[    6.315861] Copyright (c) 1999-2008 LSI Corporation
[    6.330774] Fusion MPT SPI Host driver 3.04.20
[    6.340980] AVX2 version of gcm_enc/dec engaged.
[    6.348974] AES CTR mode by8 optimization enabled
[    6.557183] input: ImExPS/2 Generic Explorer Mouse as /devices/platform/i8042/serio1/input/input4
[    6.913377] e1000 0000:00:03.0 eth0: (PCI:33MHz:32-bit) 02:1d:76:b3:3c:fe
[    7.030008] e1000 0000:00:03.0 eth0: Intel(R) PRO/1000 Network Connection
[    7.500556] e1000 0000:00:08.0 eth1: (PCI:33MHz:32-bit) 08:00:27:a3:5c:69
[    7.513688] e1000 0000:00:08.0 eth1: Intel(R) PRO/1000 Network Connection
[    7.520359] mptbase: ioc0: Initiating bringup
[    7.520810] e1000 0000:00:03.0 enp0s3: renamed from eth0
[    7.548343] e1000 0000:00:08.0 enp0s8: renamed from eth1
[    7.624990] ioc0: LSI53C1030 A0: Capabilities={Initiator}
[    7.800724] scsi host2: ioc0: LSI53C1030 A0, FwRev=00000000h, Ports=1, MaxQ=256, IRQ=20
[    7.925174] scsi 2:0:0:0: Direct-Access     VBOX     HARDDISK         1.0  PQ: 0 ANSI: 5
[    7.936176] scsi target2:0:0: Beginning Domain Validation
[    7.941822] scsi target2:0:0: Domain Validation skipping write tests
[    7.973729] scsi target2:0:0: Ending Domain Validation
[    7.976920] scsi target2:0:0: asynchronous
[    7.986116] scsi 2:0:1:0: Direct-Access     VBOX     HARDDISK         1.0  PQ: 0 ANSI: 5
[    8.103617] scsi target2:0:1: Beginning Domain Validation
[    8.397155] scsi target2:0:1: Domain Validation skipping write tests
[    8.400102] scsi target2:0:1: Ending Domain Validation
[    8.402495] scsi target2:0:1: asynchronous
[    8.422810] sd 2:0:0:0: [sda] 20971520 512-byte logical blocks: (10.7 GB/10.0 GiB)
[    8.424371] sd 2:0:0:0: Attached scsi generic sg0 type 0
[    8.425050] sd 2:0:1:0: [sdb] 20480 512-byte logical blocks: (10.5 MB/10.0 MiB)
[    8.425404] sd 2:0:1:0: [sdb] Write Protect is off
[    8.425923] sd 2:0:1:0: [sdb] Incomplete mode parameter data
[    8.425924] sd 2:0:1:0: [sdb] Assuming drive cache: write through
[    8.427610] sd 2:0:1:0: Attached scsi generic sg1 type 0
[    8.428872] sd 2:0:1:0: [sdb] Attached SCSI disk
[    8.550858] sd 2:0:0:0: [sda] Write Protect is off
[    8.555006] sd 2:0:0:0: [sda] Incomplete mode parameter data
[    8.562235] sd 2:0:0:0: [sda] Assuming drive cache: write through
[    8.570056]  sda: sda1
[    8.575000] sd 2:0:0:0: [sda] Attached SCSI disk
Begin: Loading essential drivers ... [   10.062451] md: linear personality registered for level -1
[   10.069978] md: multipath personality registered for level -4
[   10.078953] md: raid0 personality registered for level 0
[   10.092556] md: raid1 personality registered for level 1
[   10.172445] raid6: sse2x1   gen()  4111 MB/s
[   10.252412] raid6: sse2x1   xor()  3285 MB/s
[   10.324056] raid6: sse2x2   gen()  5263 MB/s
[   10.400422] raid6: sse2x2   xor()  3725 MB/s
[   10.467964] raid6: sse2x4   gen()  6582 MB/s
[   10.540580] raid6: sse2x4   xor()  4857 MB/s
[   10.615998] raid6: avx2x1   gen()  6699 MB/s
[   10.696379] raid6: avx2x2   gen() 11750 MB/s
[   10.772061] raid6: avx2x4   gen() 20291 MB/s
[   10.782662] raid6: using algorithm avx2x4 gen() 20291 MB/s
[   10.791021] raid6: using avx2x2 recovery algorithm
[   10.797364] xor: automatically using best checksumming function:
[   10.844300]    avx       : 28723.000 MB/sec
[   10.851283] async_tx: api initialized (async)
[   10.863784] md: raid6 personality registered for level 6
[   10.866039] md: raid5 personality registered for level 5
[   10.868198] md: raid4 personality registered for level 4
[   10.883593] md: raid10 personality registered for level 10
done.
Begin: Running /scripts/init-premount ... done.
Begin: Mounting root file system ... Begin: Running /scripts/local-top ... done.
Begin: Running /scripts/local-premount ... [   10.933250] Btrfs loaded
Scanning for Btrfs filesystems
done.
Warning: fsck not present, so skipping root file system
[   11.018526] EXT4-fs (sda1): mounted filesystem with ordered data mode. Opts: (null)
done.
Begin: Running /scripts/local-bottom ... done.
Begin: Running /scripts/init-bottom ... done.
[   11.186439] systemd[1]: systemd 229 running in system mode. (+PAM +AUDIT +SELINUX +IMA +APPARMOR +SMACK +SYSVINIT +UTMP +LIBCRYPTSETUP +GCRYPT +GNUTLS +ACL +XZ -LZ4 +SECCOMP +BLKID +ELFUTILS +KMOD -IDN)
[   11.207600] systemd[1]: Detected virtualization oracle.
[   11.212256] systemd[1]: Detected architecture x86-64.

Welcome to [1mUbuntu 16.04.5 LTS[0m!

[   11.237875] systemd[1]: Set hostname to <ubuntu>.
[   11.258795] systemd[1]: Initializing machine ID from random generator.
[   11.261509] systemd[1]: Installed transient /etc/machine-id file.
[   11.441221] systemd[1]: Reached target Swap.
[[0;32m  OK  [0m] Reached target Swap.
[   11.463875] systemd[1]: Created slice System Slice.
[[0;32m  OK  [0m] Created slice System Slice.
[   11.478187] systemd[1]: Listening on Journal Audit Socket.
[[0;32m  OK  [0m] Listening on Journal Audit Socket.
[   11.497137] systemd[1]: Listening on Journal Socket.
[[0;32m  OK  [0m] Listening on Journal Socket.
[   11.532677] systemd[1]: Starting Set console keymap...
         Starting Set console keymap...
[   11.561464] systemd[1]: Mounting Debug File System...
         Mounting Debug File System...
[   11.569329] systemd[1]: Mounting POSIX Message Queue File System...
         Mounting POSIX Message Queue File System...
[   11.574302] systemd[1]: Created slice User and Session Slice.
[[0;32m  OK  [0m] Created slice User and Session Slice.
[   11.580178] systemd[1]: Listening on udev Control Socket.
[[0;32m  OK  [0m] Listening on udev Control Socket.
[   11.621826] systemd[1]: Starting Nameserver information manager...
         Starting Nameserver information manager...
[   11.630569] systemd[1]: Starting Uncomplicated firewall...
         Starting Uncomplicated firewall...
[   11.637170] systemd[1]: Started Forward Password Requests to Wall Directory Watch.
[[0;32m  OK  [0m] Started Forward Password Requests to Wall Directory Watch.
[   11.666982] systemd[1]: Reached target Uer an Grp Name Lookups.
[[0;32m  OK  [0m] Reached target User and Group Name Lookups.
[   11.896372] systemd[1]: Starting Create list of required static device nodes for the current kernel...
         Starting Create list of required st... nodes for the current kernel...
[   11.908494] systemd[1]: Reached target Encrypted Volumes.
[[0;32m  OK  [0m] Reached target Encrypted Volumes.
[   11.932307] systemd[1]: Listening on Syslog Socket.
[[0;32m  OK  [0m] Listening on Syslog Socket.
[   11.941371] systemd[1]: StartedTrigger resolvconf update for networkd DNS.

[[0;32m  OK  [0m] Started Trigger resolvconf update for networkd DNS.
[   12.011069] systemd[1]: Reached target Sces.
[[0;32m  OK  [0m] Reached target Slices.
[   12.084642] systemd[1]: Reache trget Sstem Time Synhronzed.
[[0;32m  OK  [0m] Reached target System Time Synchronized.
[   12.285220] systemd[1]: Listening on LVM2 poll daemon socket. [[0;32m  OK  [0m] Listening on LVM2 poll daemon socket.
[   12.465679] systemd[1]: Listening on Journal Socket (/dev/log).
[[0;32m  OK  [0m] Listening on Journal Socket (/dev/log).
[   12.535002] random: nonblocking pool is initialized
[   12.584132] systemd[1]: Starting Journal Service...
         Starting Journal Service...
[   12.591879] systemd[1]: Created slice system-serial\x2dgetty.slice.
[[0;32m  OK  [0m] Created slice system-serial\x2dgetty.slice.
[   12.605239] systemd[1]: Listening on LVM2 metadata daemon socket.
[[0;32m  OK  [0m] Listening on LVM2 metadata daemon socket.
[   12.640608] systemd[1]: Starting Load Kernel Modules...
         Starting Load Kernel Modules...
[   12.654656] systemd[1]: Starting Remount Root and Kernel File Systems...
         [   12.671566] EXT4-fs (sda1): re-mounted. Opts: (null)
Starting Remount Root and Kernel File Systems...
[   12.686818] Loading iSCSI transport class v2.0-870.
[   12.686924] systemd[1]: Listening on Device-mapper event daemon FIFOs.
[[0;32m  OK  [0m] Listening on Device-mapper event daemon FIFOs.
[   12.704867] iscsi: registered transport (tcp)
[   12.720601] systemd[1]: Starting Monitoring of LVM2 mirrors, snapshots etc. using dmeventd or progress polling...
         Starting Monitoring of LVM2 mirrors... dmeventd or progress polling...
[   12.741450] systemd[1]: Mounting Huge Pages File System...
         Mounting Huge Pages File System...
[   12.773808] systemd[1]: Set up automount Arbitrary Executable File Formats File System Automount Point.
[[0;32m  OK  [0m] Set up automount Arbitrary Executab...ats File S[   12.797700] iscsi: registered transport (iser)
ystem Automount Point.
[   12.837200] systemd[1]: Listening on udev Kernel Socket.
[[0;32m  OK  [0m] Listening on udev Kernel Socket.
[   12.853156] systemd[1]: Listening on /dev/initctl Compatibility Named Pipe.
[[0;32m  OK  [0m] Listening on /dev/initctl Compatibility Named Pipe.
[   13.081429] systemd[1]: Mounted Debug File System.
[[0;32m  OK  [0m] Mounted Debug File System.
[   13.088958] systemd[1]: Mounted Huge Pages File System.
[[0;32m  OK  [0m] Mounted Huge Pages File System.
[   13.110852] systemd[1]: Mounted POSIX Message Queue File System.
[[0;32m  OK  [0m] Mounted POSIX Message Queue File System.
[   13.123831] systemd[1]: Started Journal Service.
[[0;32m  OK  [0m] Started Journal Service.
[[0;32m  OK  [0m] Started Set console keymap.
[[0;32m  OK  [0m] Started Uncomplicated firewall.
[[0;32m  OK  [0m] Started Create list of required sta...ce nodes for the current kernel.
[[0;32m  OK  [0m] Started Load Kernel Modules.
[[0;32m  OK  [0m] Started Remount Root and Kernel File Systems.
[[0;32m  OK  [0m] Started Nameserver information manager.
[[0;32m  OK  [0m] Started LVM2 metadata daemon.
         Starting udev Coldplug all Devices...
         Starting Load/Save Random Seed...
         Mounting FUSE Control File System...
         Starting Apply Kernel Variables...
         Starting Create Static Device Nodes in /dev...
         Starting Flush Journal to Persistent Storage...
[[0;32m  OK  [0m] Mounted FUSE Control File System.
[[0;32m  OK  [0m] Started Load/Save Random Seed.
[[0;32m  OK  [0m] Started Apply Kernel Variables.
[[0;32m  OK  [0m] Started Create Static Device Nodes in /dev.
[[0;32m  OK  [0m] Started udev Coldplug all Devices.
[[0;32m  OK  [0m] Started Flush Journal to Persistent Storage.
         Starting udev Kernel Device Manager...
[[0;32m  OK  [0m] Started udev Kernel Device Manager.
[[0;32m  OK  [0m] Started Dispatch Password Requests to Console Directory Watch.
[[0;32m  OK  [0m] Found device /dev/ttyS0.
[[0;32m  OK  [0m] Started Monitoring of LVM2 mirrors,...ng dmeventd or progress polling.
[[0;32m  OK  [0m] Reached target Local File Systems (Pre).
[[0;32m  OK  [0m] Reached target Local File Systems.
         Starting Initial cloud-init job (pre-networking)...
         Starting Create Volatile Files and Directories...
         Starting Commit a transient machine-id on disk...
         Starting Set console font and keymap...
         Starting LSB: AppArmor initialization...
         Starting Tell Plymouth To Write Out Runtime Data...
[[0;32m  OK  [0m] Started Create Volatile Files and Directories.
[[0;32m  OK  [0m] Started Tell Plymouth To Write Out Runtime Data.
[[0;32m  OK  [0m] Started Commit a transient machine-id on disk.
[[0;32m  OK  [0m] Listening on Load/Save RF Kill Switch Status /dev/rfkill Watch.
         Starting Update UTMP about System Boot/Shutdown...
[[0;32m  OK  [0m] Started Update UTMP about System Boot/Shutdown.
[[0;32m  OK  [0m] Started LSB: AppArmor initialization.
[   12.370606] cloud-init[529]: Cloud-init v. 18.3-9-g2e62cb8a-0ubuntu1~16.04.2 running 'init-local' at Thu, 13 Sep 2018 12:45:20 +0000. Up 11.74 seconds.
[[0;32m  OK  [0m] Started Initial cloud-init job (pre-networking).
[[0;32m  OK  [0m] Reached target Network (Pre).
         Starting Raise network interfaces...
[[0;32m  OK  [0m] Started Set console font and keymap.
[[0;32m  OK  [0m] Created slice system-getty.slice.
[[0;32m  OK  [0m] Started Raise network interfaces.
[[0;32m  OK  [0m] Reached target Network.
         Starting Initial cloud-init job (metadata service crawler)...
[   14.063194] cloud-init[961]: Cloud-init v. 18.3-9-g2e62cb8a-0ubuntu1~16.04.2 running 'init' at Thu, 13 Sep 2018 12:45:21 +0000. Up 13.29 seconds.
[   14.073522] cloud-init[961]: ci-info: ++++++++++++++++++++++++++++++++++++++Net device info+++++++++++++++++++++++++++++++++++++++
[   14.082543] cloud-init[961]: ci-info: +--------+-------+----------------------------+---------------+--------+-------------------+
[[0;32m  OK  [0m] Started Initial cloud-init job (metadata service crawler).
[   14.139924] cloud-init[961]: ci-info: | Device |   Up  |          Address           |      Mask     | Scope  |     Hw-Address    |
[   14.198085] [[0;32m  OK  [0m] Reached target Network is Online.
cloud-init[961]: ci-info: +--------+-------+----------------------------+---------------+--------+-------------------+
[   14.218731]          Starting iSCSI initiator daemon (iscsid)...
[[0;32m  OK  [0m] Reached target Cloud-config availability.
[[0;32m  OK  [0m] Reached target System Initialization.
         Starting LXD - unix socket.
cloud-init[961]: ci-info: | enp0s3 |  True |         10.0.2.15          | 255.255.255.0 | global | 02:1d:76:b3:3c:fe |
         Starting Socket activation for snappy daemon.
[   14.319881] [cloud-init[0;32m  OK  [0m[961]: ] ci-info: | enp0s3 |  True | fe80::1d:76ff:feb3:3cfe/64 |       .       |  link  | 02:1d:76:b3:3c:fe |Listening on UUID daemon activation socket.

[   14.342475] [[0;32m  OK  [0m] Listening on ACPID Listen Socket.
[[0;32m  OK  [0m] Listening on D-Bus System Message Bus Socket.
cloud-init[961]: ci-info: | enp0s8 | False |             .              |       .       |   .    | 08:00:27:a3:5c:69 |
[   14.365935] [[0;32m  OK  [0m] Started ACPI Events Check.
cloud-init[961]: ci-info: |   lo   |  True |         127.0.0.1          |   255.0.0.0   |  host  |         .         |
[[0;32m  OK  [0m] Reached target Paths.
[   14.367665] cloud-init[961]: ci-info: |   lo   |  True |          ::1/128           |       .       |  host  |         .         |
[[0;32m  OK  [0m] Started Daily Cleanup of Temporary Directories.
[   14.383109] cloud-init[961]: ci-info: +--------+-------+----------------------------+---------------+--------+-------------------+
[[0;32m  OK  [0m] Started Daily apt download activities.
[[0;32m  OK  [0m] Started Daily apt upgrade and clean activities.
[[0;32m  OK  [0m] Reached target Timers.
[   14.385053] cloud-init[961]: ci-info: +++++++++++++++++++++++++++Route IPv4 info++++++++++++++++++++++++++++
[   14.403424] cloud-init[961]: ci-info: +-------+-------------+----------+---------------+-----------+-------+
[   14.408953] [[0;32m  OK  [0m] Listening on LXD - unix socket.
[[0;32m  OK  [0m] Listening on Socket activation for snappy daemon.
cloud-init[961]: ci-info: | Route | Destination | Gateway  |    Genmask    | Interface | Flags |
[   14.426993] cloud-init[961]: ci-info: +-------+-------------+----------+---------------+-----------+-------+
[   14.444824] cloud-init[961]: ci-info: |   0   |   0.0.0.0   | 10.0.2.2 |    0.0.0.0    |   enp0s3  |   UG  |
[   14.445785] cloud-init[961]: ci-info: |   1   |   10.0.2.0  | 0.0.0.0  | 255.255.255.0 |   enp0s3  |   U   |
[[0;32m  OK  [0m] Started iSCSI initiator daemon (iscsid).
[   14.446332] cloud-init[961]: ci-info: +-------+-------------+----------+---------------+-----------+-------+
[   14.551931] cloud-init[961]: ci-info: +++++++++++++++++++Route IPv6 info+++++++++++++++++++
[   14.557485] cloud-init[961]: ci-info: +-------+-------------+---------+-----------+-------+
[   14.589140] cloud-init[961]: ci-info: | Route | Destination | Gateway | Interface | Flags |
[   14.590088] cloud-init[961]: ci-info: +-------+-------------+---------+-----------+-------+
         Starting Login to default iSCSI targets...
[[   14.591028] cloud-init[961]: ci-info: |   0   |  fe80::/64  |    ::   |   enp0s3  |   U   |
[   14.687349] cloud-init[961]: [0;32m  OK  [0mci-info: |   3   |   ff00::/8  |    ::   |   enp0s3  |   U   |] 
Reached target Sockets.
[[   14.690195] cloud-init[961]: ci-info: +-------+-------------+---------+-----------+-------+
[   14.698903] cloud-init[961]: Generating public/private rsa key pair.
[0;32m  OK  [0m] Reached target Basic System.
[   14.699403] cloud-init[961]: Your identification has been saved in /etc/ssh/ssh_host_rsa_key.
[   14.730750] cloud-init[961]: Your public key has been saved in /etc/ssh/ssh_host_rsa_key.pub.
[   14.731412] cloud-init[961]: The key fingerprint is:
[   14.735273] cloud-init[961]: SHA256:QSBEDU/o6qWfn0RJZsMzOFou7TgpOxD/Gpdtpl+uUFA root@ubuntu-xenial
[   14.736260] cloud-init[961]: The key's randomart image is:
[   14.739333] cloud-init[961]: +---[RSA 2048]----+
[   14.739428] cloud-init[961]: |   o=+E..        |
[   14.739497] cloud-init[961]: |    .B..         |
[   14.739563] cloud-init[961]: |   .= X .        |
[   14.739628] cloud-init[961]: |.  =.* = .       |
[   14.739691] cloud-init[961]: | oo.o + S        |
[   14.739755] cloud-init[961]: |. o=.=           |
[   14.739818] cloud-init[961]: |o.=+= = .        |
[   14.739880] cloud-init[961]: |.oo+.B +         |
[   14.739947] cloud-init[961]: |...o+o=..        |
[   14.740108] cloud-init[961]: +----[SHA256]-----+
[   14.740183] cloud-init[961]: Generating public/private dsa key pair.
[   14.740248] cloud-init[961]: Your identification has been saved in /etc/ssh/ssh_host_dsa_key.
[   14.740311] cloud-init[961]: Your public key has been saved in /etc/ssh/ssh_host_dsa_key.pub.
[   14.740374] cloud-init[961]: The key fingerprint is:
[   14.740434] cloud-init[961]: SHA256:CZSHt254VibjE9hKDKt6//E+CB4Lo3gWYmeKyGzSWas root@ubuntu-xenial
[   14.740501] cloud-init[961]: The key's randomart image is:
[   14.740565] cloud-init[961]: +---[DSA 1024]----+
[   14.740626] cloud-init[961]: |      .o         |
[   14.740692] cloud-init[961]: |    ..o o        |
[   14.740753] cloud-init[961]: |     +.= .       |
[   14.740813] cloud-init[961]: |    . +.*.o      |
[   14.740876] cloud-init[961]: |   . . =S*       |
[   14.740942] cloud-init[961]: |..=o+ o B        |
[   14.741004] cloud-init[961]: |B=+B =.= .       |
[   14.741065] cloud-init[961]: |B=* + .o.        |
[[0;32m  OK  [0m] Started FUSE filesystem for LXC.
[   14.741127] cloud-init[961]: |o+Eo....o.       |
[   15.100727] cloud-init[961]: +----[SHA256]-----+
[   15.105257] cloud-init[961]: Generating public/private ecdsa key pair.
[   15.112673] cloud-init[961]: Your identification has been saved in /etc/ssh/ssh_host_ecdsa_key.
[   15.117158] cloud-init[961]: Your public key has been saved in /etc/ssh/ssh_host_ecdsa_key.pub.
[   15.121745] cloud-init[961]: The key fingerprint is:[
[   15.126089] cloud-init[961]: SHA256:wvuDjjIMjwdMUjAi8IJTt0nQX0qubn68eePjFa93rag root@ubuntu-xenial
[   15.130228] cloud-init[961]: The key's randomart image is:
[0;32m  OK  [0m[   15.133294] cloud-init[961]: +---[ECDSA 256]---+
[   15.136395] cloud-init[961]: |B.ooo            |
[   15.139038] cloud-init] [961]: |++.o.o. .        |
Started Deferred execution scheduler.
[   15.142464] cloud-init[961]: |+.. o+ o         |
         Starting Accounts Service...
[   15.148320] cloud-init[961]: |.+   .+          |
         Starting LSB: MD monitoring daemon...
[[0;32m  OK  [0m] Started D-Bus System Message Bus.
[   15.159685] cloud-init[961]: |+    .o S .      |
[   15.176473] cloud-init[961]: |o.  .  o   o     |
[   15.196413] cloud-init[961]: | * . ...  . .  . |
[   15.200617] cloud-init[961]: |. * o.+o=. .... .|
[   15.214291] cloud-init[961]: | . =oo+=++Eo.... |
[   15.215013] cloud-init[961]: +----[SHA256]-----+
[   15.217344] cloud-init[961]: Generating public/private ed25519 key pair.
[   15.218629] cloud-init[961]: Your identification has been saved in /etc/ssh/ssh_host_ed25519_key.
[   15.219193] cloud-init[961]: Your public key has been saved in /etc/ssh/ssh_host_ed25519_key.pub.
[[0;32m  OK  [0m] Started ACPI event daemon.
[[0;32m  OK  [0m] Started Unattended Upgrades Shutdown.
[   15.219241] cloud-init[961]: The key fingerprint is:
         Starting LSB: Record successful boot for GRUB...
[   15.303369] cloud-init[961]: SHA256:+iqJxqtCTaQWPYyXq6HI/hXsqVTaacJucmqTLaguRCY root@ubuntu-xenial
[   15.345352] cloud-init[961]: The key's randomart image is:
[   15.345931] cloud-init[961]: +--[ED25519 256]--+
[   15.348012] cloud-init[961]: |  + .            |
[   15.349550] cloud-init[961]: | o B             |
[   15.351920] cloud-init[961]: |  = o            |
[   15.352867] cloud-init[961]: |E* o.            |
         Starting System Logging Service...
[   15.353519] cloud-init[961]: |O =  +  S        |
[   15.390463]          Starting Virtualbox guest utils...
cloud-init[961]: |o=..= +.         |
[   15.397996] cloud-init[961]: |=.o* O.          |
         Starting Pollinate to seed the pseudo random number generator...
[   15.415015] cloud-init[961]: |+B*+B  .         |
[   15.423075] cloud-init[961]: |O=X= ....        |
         Starting Snappy daemon...
[   15.428896] cloud-init[[0;32m  OK  [0m] Started Regular background program processing daemon.
         Starting /etc/rc.local Compatibility...
         Starting Login Service...
         Starting LXD - container startup/shutdown...
[961]: [[0;32m  OK  [0m] Started System Logging Service.
[[0;32m  OK  [0m] Started /etc/rc.local Compatibility.
+----[SHA256]-----+
[[0;32m  OK  [0m] Started Login to default iSCSI targets.
[[0;32m  OK  [0m] Started LSB: MD monitoring daemon.
[[0;32m  OK  [0m] Started LXD - container startup/shutdown.
[[0;32m  OK  [0m] Started LSB: Record successful boot for GRUB.
         Starting Authenticate and Authorize Users to Run Privileged Tasks...
[[0;32m  OK  [0m] Reached target Remote File Systems (Pre).
[[0;32m  OK  [0m] Reached target Remote File Systems.
         Starting LSB: daemon to balance interrupts for SMP systems...
         Starting LSB: Set the CPU Frequency Scaling governor to "ondemand"...
         Starting LSB: automatic crash report generation...
         Starting Permit User Sessions...
[[0;32m  OK  [0m] Started Permit User Sessions.
[[0;32m  OK  [0m] Started Login Service.
         Starting Hold until boot process finishes up...
         Starting Terminate Plymouth Boot Screen...
[[0;32m  OK  [0m] Started Hold until boot process finishes up.
[[0;32m  OK  [0m] Started Authenticate and Authorize Users to Run Privileged Tasks.
[[0;32m  OK  [0m] Started Terminate Plymouth Boot Screen.
[[0;32m  OK  [0m] Started Virtualbox guest utils.
[[0;32m  OK  [0m] Started Accounts Service.
[[0;32m  OK  [0m] Started Serial Getty on ttyS0.
[[0;32m  OK  [0m] Started Getty on tty1.
[[0;32m  OK  [0m] Reached target Login Prompts.
         Starting Set console scheme...
[[0;32m  OK  [0m] Started LSB: Set the CPU Frequency Scaling governor to "ondemand".
[[0;32m  OK  [0m] Started LSB: daemon to balance interrupts for SMP systems.
[[0;32m  OK  [0m] Started LSB: automatic crash report generation.
[[0;32m  OK  [0m] Started Set console scheme.
[[0;32m  OK  [0m] Started Snappy daemon.
         Starting Wait until snapd is fully seeded...
[[0;32m  OK  [0m] Started Pollinate to seed the pseudo random number generator.
         Starting OpenBSD Secure Shell server...
[[0;32m  OK  [0m] Started OpenBSD Secure Shell server.
[[0;32m  OK  [0m] Created slice User Slice of vagrant.
         Starting User Manager for UID 1000...
[[0;32m  OK  [0m] Started Session 1 of user vagrant.
[[0;32m  OK  [0m] Started User Manager for UID 1000.
[[0;32m  OK  [0m] Started Wait until snapd is fully seeded.
[[0;32m  OK  [0m] Reached target Multi-User System.
[[0;32m  OK  [0m] Reached target Graphical Interface.
         Starting Update UTMP about System Runlevel Changes...
         Starting Apply the settings specified in cloud-config...
[[0;32m  OK  [0m] Started Update UTMP about System Runlevel Changes.
[   17.787515] cloud-init[1366]: Generating locales (this might take a while)...
         Stopping User Manager for UID 1000...
[[0;32m  OK  [0m] Stopped User Manager for UID 1000.
[[0;32m  OK  [0m] Removed slice User Slice of vagrant.
[[0;32m  OK  [0m] Created slice User Slice of vagrant.
         Starting User Manager for UID 1000...
[[0;32m  OK  [0m] Started Session 2 of user vagrant.
[[0;32m  OK  [0m] Started User Manager for UID 1000.
[   19.160669] cloud-init[1366]:   en_US.UTF-8... done
[   19.168095] cloud-init[1366]: Generation complete.
[   19.573050] cloud-init[1366]: Cloud-init v. 18.3-9-g2e62cb8a-0ubuntu1~16.04.2 running 'modules:config' at Thu, 13 Sep 2018 12:45:26 +0000. Up 17.58 seconds.
[[0;32m  OK  [0m] Started Apply the settings specified in cloud-config.
         Starting Execute cloud user/final scripts...
ci-info: no authorized ssh keys fingerprints found for user ubuntu.
<14>Sep 13 12:45:28 ec2: 
<14>Sep 13 12:45:28 ec2: #############################################################
<14>Sep 13 12:45:28 ec2: -----BEGIN SSH HOST KEY FINGERPRINTS-----
<14>Sep 13 12:45:28 ec2: 1024 SHA256:CZSHt254VibjE9hKDKt6//E+CB4Lo3gWYmeKyGzSWas root@ubuntu-xenial (DSA)
<14>Sep 13 12:45:28 ec2: 256 SHA256:wvuDjjIMjwdMUjAi8IJTt0nQX0qubn68eePjFa93rag root@ubuntu-xenial (ECDSA)
<14>Sep 13 12:45:28 ec2: 256 SHA256:+iqJxqtCTaQWPYyXq6HI/hXsqVTaacJucmqTLaguRCY root@ubuntu-xenial (ED25519)
<14>Sep 13 12:45:28 ec2: 2048 SHA256:QSBEDU/o6qWfn0RJZsMzOFou7TgpOxD/Gpdtpl+uUFA root@ubuntu-xenial (RSA)
<14>Sep 13 12:45:28 ec2: -----END SSH HOST KEY FINGERPRINTS-----
<14>Sep 13 12:45:28 ec2: #############################################################
-----BEGIN SSH HOST KEY KEYS-----
ecdsa-sha2-nistp256 AAAAE2VjZHNhLXNoYTItbmlzdHAyNTYAAAAIbmlzdHAyNTYAAABBBE7wNUOQAwfOVIh9YBY/YFlQgMRzqAZvBOl/a+a78Oed0sGCoCY7f5Fgkcl4oOdKE/m1M5xP+k4/qCzSiX4+52k= root@ubuntu-xenial
ssh-ed25519 AAAAC3NzaC1lZDI1NTE5AAAAIGtpXYprovyH6Pr0Uza4xhWXpAv2owcdht5k7CA4eF2q root@ubuntu-xenial
ssh-rsa AAAAB3NzaC1yc2EAAAADAQABAAABAQC8Bd3LRFqvdfXbse/JLmkzH3xma8w1B9xgDtjYQgdp3DM/C0c80uIe4FEIg4szklHesLBZ4EoqulUTLrpnSmrghYy/1GxH7Uuy4QgPabltsu6USkUTv8ASJS2mvoLGcChrboZ2La/ha9y4FOJSo6ujbULu835XyoKhKaYkNGClYAbvloEr8FoCv1tiQ7vYnqXv4lekPYN+vCIY/NSh/QFKWNtZD2hhpdmslzMPp3GoPf+PsLlkcZj/GFF7UWVt2tY2qam35FjYYwGdacVfqWoLQONA/4rnO6rbx8f2r7+w0tb+j3b+c4HBJMKZQmCkp4YJh6bL+imH05wZNzisuXQb root@ubuntu-xenial
-----END SSH HOST KEY KEYS-----
[   20.592787] cloud-init[1575]: Cloud-init v. 18.3-9-g2e62cb8a-0ubuntu1~16.04.2 running 'modules:final' at Thu, 13 Sep 2018 12:45:28 +0000. Up 19.93 seconds.
[   20.600633] cloud-init[1575]: ci-info: no authorized ssh keys fingerprints found for user ubuntu.
[   20.607712] cloud-init[1575]: Cloud-init v. 18.3-9-g2e62cb8a-0ubuntu1~16.04.2 finished at Thu, 13 Sep 2018 12:45:29 +0000. Datasource DataSourceNoCloud [seed=/dev/sdb][dsmode=net].  Up 20.57 seconds
[[0;32m  OK  [0m] Started Execute cloud user/final scripts.
[[0;32m  OK  [0m] Reached target Cloud-init target.

Ubuntu 16.04.5 LTS ubuntu-xenial ttyS0

ubuntu-xenial login: 